# JRE version: OpenJDK Runtime Environment Temurin-21.0.9+10 (21.0.9+10) (build 21.0.9+10-LTS)
# Java VM: OpenJDK 64-Bit Server VM Temurin-21.0.9+10 (21.0.9+10-LTS, mixed mode, sharing, tiered, compressed oops, compressed class ptrs, parallel gc, windows-amd64)
GC Precious Log:
 CardTable entry size: 512
 CPUs: 16 total, 16 available
 Memory: 15772M
 Large Page Support: Disabled
 NUMA Support: Disabled
 Compressed Oops: Enabled (32-bit)
 Alignments: Space 512K, Generation 512K, Heap 2M
 Heap Min Capacity: 100M
 Heap Initial Capacity: 100M
 Heap Max Capacity: 2G
 Pre-touch: Disabled
 Parallel Workers: 13
Heap:
 PSYoungGen      total 5120K, used 3917K [0x00000000d5580000, 0x00000000d5e80000, 0x0000000100000000)
  eden space 4096K, 71% used [0x00000000d5580000,0x00000000d5857518,0x00000000d5980000)
  from space 1024K, 98% used [0x00000000d5b80000,0x00000000d5c7c010,0x00000000d5c80000)
  to   space 2048K, 0% used [0x00000000d5980000,0x00000000d5980000,0x00000000d5b80000)
 ParOldGen       total 1146368K, used 1146339K [0x0000000080000000, 0x00000000c5f80000, 0x00000000d5580000)
  object space 1146368K, 99% used [0x0000000080000000,0x00000000c5f78f58,0x00000000c5f80000)
 Metaspace       used 86197K, committed 87872K, reserved 1179648K
  class space    used 8510K, committed 9344K, reserved 1048576K
GC Heap History (20 events):
Event: 4291.345 GC heap before
{Heap before GC invocations=3417 (full 6):
 PSYoungGen      total 5632K, used 5466K [0x00000000d5580000, 0x00000000d5c80000, 0x0000000100000000)
  eden space 5120K, 100% used [0x00000000d5580000,0x00000000d5a80000,0x00000000d5a80000)
  from space 512K, 67% used [0x00000000d5c00000,0x00000000d5c56900,0x00000000d5c80000)
  to   space 1024K, 0% used [0x00000000d5a80000,0x00000000d5a80000,0x00000000d5b80000)
 ParOldGen       total 1139200K, used 1138761K [0x0000000080000000, 0x00000000c5880000, 0x00000000d5580000)
  object space 1139200K, 99% used [0x0000000080000000,0x00000000c58124c0,0x00000000c5880000)
 Metaspace       used 86196K, committed 87872K, reserved 1179648K
  class space    used 8510K, committed 9344K, reserved 1048576K
}
Event: 4291.347 GC heap after
{Heap after GC invocations=3417 (full 6):
 PSYoungGen      total 6144K, used 1024K [0x00000000d5580000, 0x00000000d5d80000, 0x0000000100000000)
  eden space 5120K, 0% used [0x00000000d5580000,0x00000000d5580000,0x00000000d5a80000)
  from space 1024K, 100% used [0x00000000d5a80000,0x00000000d5b80000,0x00000000d5b80000)
  to   space 1536K, 0% used [0x00000000d5c00000,0x00000000d5c00000,0x00000000d5d80000)
 ParOldGen       total 1139200K, used 1138973K [0x0000000080000000, 0x00000000c5880000, 0x00000000d5580000)
  object space 1139200K, 99% used [0x0000000080000000,0x00000000c58476d0,0x00000000c5880000)
 Metaspace       used 86196K, committed 87872K, reserved 1179648K
  class space    used 8510K, committed 9344K, reserved 1048576K
}
Event: 4291.356 GC heap before
{Heap before GC invocations=3418 (full 6):
 PSYoungGen      total 6144K, used 6144K [0x00000000d5580000, 0x00000000d5d80000, 0x0000000100000000)
  eden space 5120K, 100% used [0x00000000d5580000,0x00000000d5a80000,0x00000000d5a80000)
  from space 1024K, 100% used [0x00000000d5a80000,0x00000000d5b80000,0x00000000d5b80000)
  to   space 1536K, 0% used [0x00000000d5c00000,0x00000000d5c00000,0x00000000d5d80000)
 ParOldGen       total 1139200K, used 1138973K [0x0000000080000000, 0x00000000c5880000, 0x00000000d5580000)
  object space 1139200K, 99% used [0x0000000080000000,0x00000000c58476d0,0x00000000c5880000)
 Metaspace       used 86196K, committed 87872K, reserved 1179648K
  class space    used 8510K, committed 9344K, reserved 1048576K
}
Event: 4291.358 GC heap after
{Heap after GC invocations=3418 (full 6):
 PSYoungGen      total 6656K, used 1249K [0x00000000d5580000, 0x00000000d5d80000, 0x0000000100000000)
  eden space 5120K, 0% used [0x00000000d5580000,0x00000000d5580000,0x00000000d5a80000)
  from space 1536K, 81% used [0x00000000d5c00000,0x00000000d5d38660,0x00000000d5d80000)
  to   space 1536K, 0% used [0x00000000d5a80000,0x00000000d5a80000,0x00000000d5c00000)
 ParOldGen       total 1140224K, used 1139813K [0x0000000080000000, 0x00000000c5980000, 0x00000000d5580000)
  object space 1140224K, 99% used [0x0000000080000000,0x00000000c59196d0,0x00000000c5980000)
 Metaspace       used 86196K, committed 87872K, reserved 1179648K
  class space    used 8510K, committed 9344K, reserved 1048576K
}
Event: 4291.362 GC heap before
{Heap before GC invocations=3419 (full 6):
 PSYoungGen      total 6656K, used 6369K [0x00000000d5580000, 0x00000000d5d80000, 0x0000000100000000)
  eden space 5120K, 100% used [0x00000000d5580000,0x00000000d5a80000,0x00000000d5a80000)
  from space 1536K, 81% used [0x00000000d5c00000,0x00000000d5d38660,0x00000000d5d80000)
  to   space 1536K, 0% used [0x00000000d5a80000,0x00000000d5a80000,0x00000000d5c00000)
 ParOldGen       total 1140224K, used 1139813K [0x0000000080000000, 0x00000000c5980000, 0x00000000d5580000)
  object space 1140224K, 99% used [0x0000000080000000,0x00000000c59196d0,0x00000000c5980000)
 Metaspace       used 86196K, committed 87872K, reserved 1179648K
  class space    used 8510K, committed 9344K, reserved 1048576K
}
Event: 4291.364 GC heap after
{Heap after GC invocations=3419 (full 6):
 PSYoungGen      total 6656K, used 768K [0x00000000d5580000, 0x00000000d5d80000, 0x0000000100000000)
  eden space 5120K, 0% used [0x00000000d5580000,0x00000000d5580000,0x00000000d5a80000)
  from space 1536K, 50% used [0x00000000d5a80000,0x00000000d5b40000,0x00000000d5c00000)
  to   space 1024K, 0% used [0x00000000d5c80000,0x00000000d5c80000,0x00000000d5d80000)
 ParOldGen       total 1141248K, used 1140933K [0x0000000080000000, 0x00000000c5a80000, 0x00000000d5580000)
  object space 1141248K, 99% used [0x0000000080000000,0x00000000c5a31650,0x00000000c5a80000)
 Metaspace       used 86196K, committed 87872K, reserved 1179648K
  class space    used 8510K, committed 9344K, reserved 1048576K
}
Event: 4291.374 GC heap before
{Heap before GC invocations=3420 (full 6):
 PSYoungGen      total 6656K, used 5888K [0x00000000d5580000, 0x00000000d5d80000, 0x0000000100000000)
  eden space 5120K, 100% used [0x00000000d5580000,0x00000000d5a80000,0x00000000d5a80000)
  from space 1536K, 50% used [0x00000000d5a80000,0x00000000d5b40000,0x00000000d5c00000)
  to   space 1024K, 0% used [0x00000000d5c80000,0x00000000d5c80000,0x00000000d5d80000)
 ParOldGen       total 1141248K, used 1140933K [0x0000000080000000, 0x00000000c5a80000, 0x00000000d5580000)
  object space 1141248K, 99% used [0x0000000080000000,0x00000000c5a31650,0x00000000c5a80000)
 Metaspace       used 86196K, committed 87872K, reserved 1179648K
  class space    used 8510K, committed 9344K, reserved 1048576K
}
Event: 4291.375 GC heap after
{Heap after GC invocations=3420 (full 6):
 PSYoungGen      total 6144K, used 980K [0x00000000d5580000, 0x00000000d5d80000, 0x0000000100000000)
  eden space 5120K, 0% used [0x00000000d5580000,0x00000000d5580000,0x00000000d5a80000)
  from space 1024K, 95% used [0x00000000d5c80000,0x00000000d5d75200,0x00000000d5d80000)
  to   space 1024K, 0% used [0x00000000d5b80000,0x00000000d5b80000,0x00000000d5c80000)
 ParOldGen       total 1141760K, used 1141565K [0x0000000080000000, 0x00000000c5b00000, 0x00000000d5580000)
  object space 1141760K, 99% used [0x0000000080000000,0x00000000c5acf650,0x00000000c5b00000)
 Metaspace       used 86196K, committed 87872K, reserved 1179648K
  class space    used 8510K, committed 9344K, reserved 1048576K
}
Event: 4291.383 GC heap before
{Heap before GC invocations=3421 (full 6):
 PSYoungGen      total 6144K, used 6100K [0x00000000d5580000, 0x00000000d5d80000, 0x0000000100000000)
  eden space 5120K, 100% used [0x00000000d5580000,0x00000000d5a80000,0x00000000d5a80000)
  from space 1024K, 95% used [0x00000000d5c80000,0x00000000d5d75200,0x00000000d5d80000)
  to   space 1024K, 0% used [0x00000000d5b80000,0x00000000d5b80000,0x00000000d5c80000)
 ParOldGen       total 1141760K, used 1141565K [0x0000000080000000, 0x00000000c5b00000, 0x00000000d5580000)
  object space 1141760K, 99% used [0x0000000080000000,0x00000000c5acf650,0x00000000c5b00000)
 Metaspace       used 86196K, committed 87872K, reserved 1179648K
  class space    used 8510K, committed 9344K, reserved 1048576K
}
Event: 4291.385 GC heap after
{Heap after GC invocations=3421 (full 6):
 PSYoungGen      total 6144K, used 999K [0x00000000d5580000, 0x00000000d5d00000, 0x0000000100000000)
  eden space 5120K, 0% used [0x00000000d5580000,0x00000000d5580000,0x00000000d5a80000)
  from space 1024K, 97% used [0x00000000d5b80000,0x00000000d5c79d60,0x00000000d5c80000)
  to   space 512K, 0% used [0x00000000d5c80000,0x00000000d5c80000,0x00000000d5d00000)
 ParOldGen       total 1142784K, used 1142412K [0x0000000080000000, 0x00000000c5c00000, 0x00000000d5580000)
  object space 1142784K, 99% used [0x0000000080000000,0x00000000c5ba3208,0x00000000c5c00000)
 Metaspace       used 86196K, committed 87872K, reserved 1179648K
  class space    used 8510K, committed 9344K, reserved 1048576K
}
Event: 4291.391 GC heap before
{Heap before GC invocations=3422 (full 6):
 PSYoungGen      total 6144K, used 6119K [0x00000000d5580000, 0x00000000d5d00000, 0x0000000100000000)
  eden space 5120K, 100% used [0x00000000d5580000,0x00000000d5a80000,0x00000000d5a80000)
  from space 1024K, 97% used [0x00000000d5b80000,0x00000000d5c79d60,0x00000000d5c80000)
  to   space 512K, 0% used [0x00000000d5c80000,0x00000000d5c80000,0x00000000d5d00000)
 ParOldGen       total 1142784K, used 1142412K [0x0000000080000000, 0x00000000c5c00000, 0x00000000d5580000)
  object space 1142784K, 99% used [0x0000000080000000,0x00000000c5ba3208,0x00000000c5c00000)
 Metaspace       used 86196K, committed 87872K, reserved 1179648K
  class space    used 8510K, committed 9344K, reserved 1048576K
}
Event: 4291.393 GC heap after
{Heap after GC invocations=3422 (full 6):
 PSYoungGen      total 5632K, used 512K [0x00000000d5580000, 0x00000000d5f80000, 0x0000000100000000)
  eden space 5120K, 0% used [0x00000000d5580000,0x00000000d5580000,0x00000000d5a80000)
  from space 512K, 100% used [0x00000000d5c80000,0x00000000d5d00000,0x00000000d5d00000)
  to   space 2048K, 0% used [0x00000000d5a80000,0x00000000d5a80000,0x00000000d5c80000)
 ParOldGen       total 1143808K, used 1143643K [0x0000000080000000, 0x00000000c5d00000, 0x00000000d5580000)
  object space 1143808K, 99% used [0x0000000080000000,0x00000000c5cd6f78,0x00000000c5d00000)
 Metaspace       used 86196K, committed 87872K, reserved 1179648K
  class space    used 8510K, committed 9344K, reserved 1048576K
}
Event: 4293.271 GC heap before
{Heap before GC invocations=3423 (full 6):
 PSYoungGen      total 5632K, used 5631K [0x00000000d5580000, 0x00000000d5f80000, 0x0000000100000000)
  eden space 5120K, 99% used [0x00000000d5580000,0x00000000d5a7fff8,0x00000000d5a80000)
  from space 512K, 100% used [0x00000000d5c80000,0x00000000d5d00000,0x00000000d5d00000)
  to   space 2048K, 0% used [0x00000000d5a80000,0x00000000d5a80000,0x00000000d5c80000)
 ParOldGen       total 1143808K, used 1143643K [0x0000000080000000, 0x00000000c5d00000, 0x00000000d5580000)
  object space 1143808K, 99% used [0x0000000080000000,0x00000000c5cd6f78,0x00000000c5d00000)
 Metaspace       used 86196K, committed 87872K, reserved 1179648K
  class space    used 8510K, committed 9344K, reserved 1048576K
}
Event: 4293.272 GC heap after
{Heap after GC invocations=3423 (full 6):
 PSYoungGen      total 6144K, used 867K [0x00000000d5580000, 0x00000000d5d80000, 0x0000000100000000)
  eden space 5120K, 0% used [0x00000000d5580000,0x00000000d5580000,0x00000000d5a80000)
  from space 1024K, 84% used [0x00000000d5a80000,0x00000000d5b58ca0,0x00000000d5b80000)
  to   space 1536K, 0% used [0x00000000d5c00000,0x00000000d5c00000,0x00000000d5d80000)
 ParOldGen       total 1144320K, used 1144171K [0x0000000080000000, 0x00000000c5d80000, 0x00000000d5580000)
  object space 1144320K, 99% used [0x0000000080000000,0x00000000c5d5af78,0x00000000c5d80000)
 Metaspace       used 86196K, committed 87872K, reserved 1179648K
  class space    used 8510K, committed 9344K, reserved 1048576K
}
Event: 4293.278 GC heap before
{Heap before GC invocations=3424 (full 6):
 PSYoungGen      total 6144K, used 5987K [0x00000000d5580000, 0x00000000d5d80000, 0x0000000100000000)
  eden space 5120K, 99% used [0x00000000d5580000,0x00000000d5a7fff0,0x00000000d5a80000)
  from space 1024K, 84% used [0x00000000d5a80000,0x00000000d5b58ca0,0x00000000d5b80000)
  to   space 1536K, 0% used [0x00000000d5c00000,0x00000000d5c00000,0x00000000d5d80000)
 ParOldGen       total 1144320K, used 1144171K [0x0000000080000000, 0x00000000c5d80000, 0x00000000d5580000)
  object space 1144320K, 99% used [0x0000000080000000,0x00000000c5d5af78,0x00000000c5d80000)
 Metaspace       used 86196K, committed 87872K, reserved 1179648K
  class space    used 8510K, committed 9344K, reserved 1048576K
}
Event: 4293.279 GC heap after
{Heap after GC invocations=3424 (full 6):
 PSYoungGen      total 6144K, used 864K [0x00000000d5580000, 0x00000000d5d00000, 0x0000000100000000)
  eden space 5120K, 0% used [0x00000000d5580000,0x00000000d5580000,0x00000000d5a80000)
  from space 1024K, 84% used [0x00000000d5c00000,0x00000000d5cd8020,0x00000000d5d00000)
  to   space 1024K, 0% used [0x00000000d5a80000,0x00000000d5a80000,0x00000000d5b80000)
 ParOldGen       total 1145344K, used 1144955K [0x0000000080000000, 0x00000000c5e80000, 0x00000000d5580000)
  object space 1145344K, 99% used [0x0000000080000000,0x00000000c5e1ef18,0x00000000c5e80000)
 Metaspace       used 86196K, committed 87872K, reserved 1179648K
  class space    used 8510K, committed 9344K, reserved 1048576K
}
Event: 4293.284 GC heap before
{Heap before GC invocations=3425 (full 6):
 PSYoungGen      total 6144K, used 5984K [0x00000000d5580000, 0x00000000d5d00000, 0x0000000100000000)
  eden space 5120K, 100% used [0x00000000d5580000,0x00000000d5a80000,0x00000000d5a80000)
  from space 1024K, 84% used [0x00000000d5c00000,0x00000000d5cd8020,0x00000000d5d00000)
  to   space 1024K, 0% used [0x00000000d5a80000,0x00000000d5a80000,0x00000000d5b80000)
 ParOldGen       total 1145344K, used 1144955K [0x0000000080000000, 0x00000000c5e80000, 0x00000000d5580000)
  object space 1145344K, 99% used [0x0000000080000000,0x00000000c5e1ef18,0x00000000c5e80000)
 Metaspace       used 86196K, committed 87872K, reserved 1179648K
  class space    used 8510K, committed 9344K, reserved 1048576K
}
Event: 4293.286 GC heap after
{Heap after GC invocations=3425 (full 6):
 PSYoungGen      total 6144K, used 800K [0x00000000d5580000, 0x00000000d5c80000, 0x0000000100000000)
  eden space 5120K, 0% used [0x00000000d5580000,0x00000000d5580000,0x00000000d5a80000)
  from space 1024K, 78% used [0x00000000d5a80000,0x00000000d5b48000,0x00000000d5b80000)
  to   space 1024K, 0% used [0x00000000d5b80000,0x00000000d5b80000,0x00000000d5c80000)
 ParOldGen       total 1145856K, used 1145699K [0x0000000080000000, 0x00000000c5f00000, 0x00000000d5580000)
  object space 1145856K, 99% used [0x0000000080000000,0x00000000c5ed8f48,0x00000000c5f00000)
 Metaspace       used 86196K, committed 87872K, reserved 1179648K
  class space    used 8510K, committed 9344K, reserved 1048576K
}
Event: 4293.293 GC heap before
{Heap before GC invocations=3426 (full 6):
 PSYoungGen      total 6144K, used 5920K [0x00000000d5580000, 0x00000000d5c80000, 0x0000000100000000)
  eden space 5120K, 100% used [0x00000000d5580000,0x00000000d5a80000,0x00000000d5a80000)
  from space 1024K, 78% used [0x00000000d5a80000,0x00000000d5b48000,0x00000000d5b80000)
  to   space 1024K, 0% used [0x00000000d5b80000,0x00000000d5b80000,0x00000000d5c80000)
 ParOldGen       total 1145856K, used 1145699K [0x0000000080000000, 0x00000000c5f00000, 0x00000000d5580000)
  object space 1145856K, 99% used [0x0000000080000000,0x00000000c5ed8f48,0x00000000c5f00000)
 Metaspace       used 86196K, committed 87872K, reserved 1179648K
  class space    used 8510K, committed 9344K, reserved 1048576K
}
Event: 4293.295 GC heap after
{Heap after GC invocations=3426 (full 6):
 PSYoungGen      total 5120K, used 1008K [0x00000000d5580000, 0x00000000d5e80000, 0x0000000100000000)
  eden space 4096K, 0% used [0x00000000d5580000,0x00000000d5580000,0x00000000d5980000)
  from space 1024K, 98% used [0x00000000d5b80000,0x00000000d5c7c010,0x00000000d5c80000)
  to   space 2048K, 0% used [0x00000000d5980000,0x00000000d5980000,0x00000000d5b80000)
 ParOldGen       total 1146368K, used 1146339K [0x0000000080000000, 0x00000000c5f80000, 0x00000000d5580000)
  object space 1146368K, 99% used [0x0000000080000000,0x00000000c5f78f58,0x00000000c5f80000)
 Metaspace       used 86196K, committed 87872K, reserved 1179648K
  class space    used 8510K, committed 9344K, reserved 1048576K
}

